<?xml version="1.0" encoding="UTF-8"?>
<!-- Generated by org.testng.reporters.JUnitReportReporter -->
<testsuite hostname="DESKTOP-PQCQ9QI" failures="0" tests="5" name="testRunner.Runner" time="0.689" errors="5" timestamp="7 Sep 2023 16:24:22 GMT">
  <testcase classname="testRunner.Runner" name="runScenario" time="0.068">
    <error message="Cannot invoke &quot;java.util.Properties.getProperty(String)&quot; because &quot;this.properties&quot; is null" type="java.lang.NullPointerException">
      <![CDATA[java.lang.NullPointerException: Cannot invoke "java.util.Properties.getProperty(String)" because "this.properties" is null
	at utilities.SeleniumUtility.getValueFromPropertyFile(SeleniumUtility.java:71)
	at stepDefinitions.loginStepDefinition.user_is_already_on_login_page(loginStepDefinition.java:24)
	at ✽.User is already on login page(file:///G:/Software%20Testing/Workspace/SwagLabsProject/./src/test/resources/features/loginFeature.feature:4)
]]>
    </error>
  </testcase> <!-- runScenario -->
  <testcase classname="testRunner.Runner" name="runScenario" time="0.452">
    <error message="Cannot invoke &quot;java.util.Properties.getProperty(String)&quot; because &quot;this.properties&quot; is null" type="java.lang.NullPointerException">
      <![CDATA[java.lang.NullPointerException: Cannot invoke "java.util.Properties.getProperty(String)" because "this.properties" is null
	at utilities.SeleniumUtility.getValueFromPropertyFile(SeleniumUtility.java:71)
	at stepDefinitions.loginStepDefinition.user_is_already_on_login_page(loginStepDefinition.java:24)
	at ✽.User is already on login page(file:///G:/Software%20Testing/Workspace/SwagLabsProject/./src/test/resources/features/inventoryPage.feature:4)
]]>
    </error>
  </testcase> <!-- runScenario -->
  <testcase classname="testRunner.Runner" name="runScenario" time="0.042">
    <error message="Cannot invoke &quot;java.util.Properties.getProperty(String)&quot; because &quot;this.properties&quot; is null" type="java.lang.NullPointerException">
      <![CDATA[java.lang.NullPointerException: Cannot invoke "java.util.Properties.getProperty(String)" because "this.properties" is null
	at utilities.SeleniumUtility.getValueFromPropertyFile(SeleniumUtility.java:71)
	at stepDefinitions.loginStepDefinition.user_is_already_on_login_page(loginStepDefinition.java:24)
	at ✽.User is already on login page(file:///G:/Software%20Testing/Workspace/SwagLabsProject/./src/test/resources/features/loginFeature.feature:4)
]]>
    </error>
  </testcase> <!-- runScenario -->
  <testcase classname="testRunner.Runner" name="runScenario" time="0.095">
    <error message="Cannot invoke &quot;java.util.Properties.getProperty(String)&quot; because &quot;this.properties&quot; is null" type="java.lang.NullPointerException">
      <![CDATA[java.lang.NullPointerException: Cannot invoke "java.util.Properties.getProperty(String)" because "this.properties" is null
	at utilities.SeleniumUtility.getValueFromPropertyFile(SeleniumUtility.java:71)
	at stepDefinitions.loginStepDefinition.user_is_already_on_login_page(loginStepDefinition.java:24)
	at ✽.User is already on login page(file:///G:/Software%20Testing/Workspace/SwagLabsProject/./src/test/resources/features/loginFeature.feature:4)
]]>
    </error>
  </testcase> <!-- runScenario -->
  <testcase classname="testRunner.Runner" name="runScenario" time="0.032">
    <error message="Cannot invoke &quot;java.util.Properties.getProperty(String)&quot; because &quot;this.properties&quot; is null" type="java.lang.NullPointerException">
      <![CDATA[java.lang.NullPointerException: Cannot invoke "java.util.Properties.getProperty(String)" because "this.properties" is null
	at utilities.SeleniumUtility.getValueFromPropertyFile(SeleniumUtility.java:71)
	at stepDefinitions.loginStepDefinition.user_is_already_on_login_page(loginStepDefinition.java:24)
	at ✽.User is already on login page(file:///G:/Software%20Testing/Workspace/SwagLabsProject/./src/test/resources/features/loginFeature.feature:4)
]]>
    </error>
  </testcase> <!-- runScenario -->
</testsuite> <!-- testRunner.Runner -->
